The system is: Linux - 4.2.0-27-generic - x86_64
Compiling the C compiler identification source file "CMakeCCompilerId.c" succeeded.
Compiler: /usr/bin/cc 
Build flags: 
Id flags: 

The output was:
0


Compilation of the C compiler identification source "CMakeCCompilerId.c" produced "a.out"

The C compiler identification is GNU, found in "/home/dalong/Workspace/voronoi-3d/CMakeFiles/2.8.12.2/CompilerIdC/a.out"

Compiling the CXX compiler identification source file "CMakeCXXCompilerId.cpp" succeeded.
Compiler: /usr/bin/c++ 
Build flags: 
Id flags: 

The output was:
0


Compilation of the CXX compiler identification source "CMakeCXXCompilerId.cpp" produced "a.out"

The CXX compiler identification is GNU, found in "/home/dalong/Workspace/voronoi-3d/CMakeFiles/2.8.12.2/CompilerIdCXX/a.out"

Determining if the C compiler works passed with the following output:
Change Dir: /home/dalong/Workspace/voronoi-3d/CMakeFiles/CMakeTmp

Run Build Command:/usr/bin/make "cmTryCompileExec1108535560/fast"
/usr/bin/make -f CMakeFiles/cmTryCompileExec1108535560.dir/build.make CMakeFiles/cmTryCompileExec1108535560.dir/build
make[1]: Entering directory `/home/dalong/Workspace/voronoi-3d/CMakeFiles/CMakeTmp'
/usr/bin/cmake -E cmake_progress_report /home/dalong/Workspace/voronoi-3d/CMakeFiles/CMakeTmp/CMakeFiles 1
Building C object CMakeFiles/cmTryCompileExec1108535560.dir/testCCompiler.c.o
/usr/bin/cc    -o CMakeFiles/cmTryCompileExec1108535560.dir/testCCompiler.c.o   -c /home/dalong/Workspace/voronoi-3d/CMakeFiles/CMakeTmp/testCCompiler.c
Linking C executable cmTryCompileExec1108535560
/usr/bin/cmake -E cmake_link_script CMakeFiles/cmTryCompileExec1108535560.dir/link.txt --verbose=1
/usr/bin/cc       CMakeFiles/cmTryCompileExec1108535560.dir/testCCompiler.c.o  -o cmTryCompileExec1108535560 -rdynamic 
make[1]: Leaving directory `/home/dalong/Workspace/voronoi-3d/CMakeFiles/CMakeTmp'


Detecting C compiler ABI info compiled with the following output:
Change Dir: /home/dalong/Workspace/voronoi-3d/CMakeFiles/CMakeTmp

Run Build Command:/usr/bin/make "cmTryCompileExec1404836774/fast"
/usr/bin/make -f CMakeFiles/cmTryCompileExec1404836774.dir/build.make CMakeFiles/cmTryCompileExec1404836774.dir/build
make[1]: Entering directory `/home/dalong/Workspace/voronoi-3d/CMakeFiles/CMakeTmp'
/usr/bin/cmake -E cmake_progress_report /home/dalong/Workspace/voronoi-3d/CMakeFiles/CMakeTmp/CMakeFiles 1
Building C object CMakeFiles/cmTryCompileExec1404836774.dir/CMakeCCompilerABI.c.o
/usr/bin/cc    -o CMakeFiles/cmTryCompileExec1404836774.dir/CMakeCCompilerABI.c.o   -c /usr/share/cmake-2.8/Modules/CMakeCCompilerABI.c
Linking C executable cmTryCompileExec1404836774
/usr/bin/cmake -E cmake_link_script CMakeFiles/cmTryCompileExec1404836774.dir/link.txt --verbose=1
/usr/bin/cc     -v CMakeFiles/cmTryCompileExec1404836774.dir/CMakeCCompilerABI.c.o  -o cmTryCompileExec1404836774 -rdynamic  
Using built-in specs.
COLLECT_GCC=/usr/bin/cc
COLLECT_LTO_WRAPPER=/usr/lib/gcc/x86_64-linux-gnu/4.7/lto-wrapper
Target: x86_64-linux-gnu
Configured with: ../src/configure -v --with-pkgversion='Ubuntu/Linaro 4.7.3-12ubuntu1' --with-bugurl=file:///usr/share/doc/gcc-4.7/README.Bugs --enable-languages=c,c++,go,fortran,objc,obj-c++ --prefix=/usr --program-suffix=-4.7 --enable-shared --enable-linker-build-id --libexecdir=/usr/lib --without-included-gettext --enable-threads=posix --with-gxx-include-dir=/usr/include/c++/4.7 --libdir=/usr/lib --enable-nls --with-sysroot=/ --enable-clocale=gnu --enable-libstdcxx-debug --enable-gnu-unique-object --disable-libmudflap --enable-plugin --with-system-zlib --enable-objc-gc --with-cloog --enable-cloog-backend=ppl --disable-cloog-version-check --disable-ppl-version-check --enable-multiarch --disable-werror --with-arch-32=i686 --with-abi=m64 --with-multilib-list=m32,m64,mx32 --with-tune=generic --enable-checking=release --build=x86_64-linux-gnu --host=x86_64-linux-gnu --target=x86_64-linux-gnu
Thread model: posix
gcc version 4.7.3 (Ubuntu/Linaro 4.7.3-12ubuntu1) 
COMPILER_PATH=/usr/lib/gcc/x86_64-linux-gnu/4.7/:/usr/lib/gcc/x86_64-linux-gnu/4.7/:/usr/lib/gcc/x86_64-linux-gnu/:/usr/lib/gcc/x86_64-linux-gnu/4.7/:/usr/lib/gcc/x86_64-linux-gnu/
LIBRARY_PATH=/usr/lib/gcc/x86_64-linux-gnu/4.7/:/usr/lib/gcc/x86_64-linux-gnu/4.7/../../../x86_64-linux-gnu/:/usr/lib/gcc/x86_64-linux-gnu/4.7/../../../../lib/:/lib/x86_64-linux-gnu/:/lib/../lib/:/usr/lib/x86_64-linux-gnu/:/usr/lib/../lib/:/usr/lib/gcc/x86_64-linux-gnu/4.7/../../../:/lib/:/usr/lib/
COLLECT_GCC_OPTIONS='-v' '-o' 'cmTryCompileExec1404836774' '-rdynamic' '-mtune=generic' '-march=x86-64'
 /usr/lib/gcc/x86_64-linux-gnu/4.7/collect2 --sysroot=/ --build-id --eh-frame-hdr -m elf_x86_64 --hash-style=gnu --as-needed -export-dynamic -dynamic-linker /lib64/ld-linux-x86-64.so.2 -z relro -o cmTryCompileExec1404836774 /usr/lib/gcc/x86_64-linux-gnu/4.7/../../../x86_64-linux-gnu/crt1.o /usr/lib/gcc/x86_64-linux-gnu/4.7/../../../x86_64-linux-gnu/crti.o /usr/lib/gcc/x86_64-linux-gnu/4.7/crtbegin.o -L/usr/lib/gcc/x86_64-linux-gnu/4.7 -L/usr/lib/gcc/x86_64-linux-gnu/4.7/../../../x86_64-linux-gnu -L/usr/lib/gcc/x86_64-linux-gnu/4.7/../../../../lib -L/lib/x86_64-linux-gnu -L/lib/../lib -L/usr/lib/x86_64-linux-gnu -L/usr/lib/../lib -L/usr/lib/gcc/x86_64-linux-gnu/4.7/../../.. CMakeFiles/cmTryCompileExec1404836774.dir/CMakeCCompilerABI.c.o -lgcc --as-needed -lgcc_s --no-as-needed -lc -lgcc --as-needed -lgcc_s --no-as-needed /usr/lib/gcc/x86_64-linux-gnu/4.7/crtend.o /usr/lib/gcc/x86_64-linux-gnu/4.7/../../../x86_64-linux-gnu/crtn.o
make[1]: Leaving directory `/home/dalong/Workspace/voronoi-3d/CMakeFiles/CMakeTmp'


Parsed C implicit link information from above output:
  link line regex: [^( *|.*[/\])(ld|([^/\]+-)?ld|collect2)[^/\]*( |$)]
  ignore line: [Change Dir: /home/dalong/Workspace/voronoi-3d/CMakeFiles/CMakeTmp]
  ignore line: []
  ignore line: [Run Build Command:/usr/bin/make "cmTryCompileExec1404836774/fast"]
  ignore line: [/usr/bin/make -f CMakeFiles/cmTryCompileExec1404836774.dir/build.make CMakeFiles/cmTryCompileExec1404836774.dir/build]
  ignore line: [make[1]: Entering directory `/home/dalong/Workspace/voronoi-3d/CMakeFiles/CMakeTmp']
  ignore line: [/usr/bin/cmake -E cmake_progress_report /home/dalong/Workspace/voronoi-3d/CMakeFiles/CMakeTmp/CMakeFiles 1]
  ignore line: [Building C object CMakeFiles/cmTryCompileExec1404836774.dir/CMakeCCompilerABI.c.o]
  ignore line: [/usr/bin/cc    -o CMakeFiles/cmTryCompileExec1404836774.dir/CMakeCCompilerABI.c.o   -c /usr/share/cmake-2.8/Modules/CMakeCCompilerABI.c]
  ignore line: [Linking C executable cmTryCompileExec1404836774]
  ignore line: [/usr/bin/cmake -E cmake_link_script CMakeFiles/cmTryCompileExec1404836774.dir/link.txt --verbose=1]
  ignore line: [/usr/bin/cc     -v CMakeFiles/cmTryCompileExec1404836774.dir/CMakeCCompilerABI.c.o  -o cmTryCompileExec1404836774 -rdynamic  ]
  ignore line: [Using built-in specs.]
  ignore line: [COLLECT_GCC=/usr/bin/cc]
  ignore line: [COLLECT_LTO_WRAPPER=/usr/lib/gcc/x86_64-linux-gnu/4.7/lto-wrapper]
  ignore line: [Target: x86_64-linux-gnu]
  ignore line: [Configured with: ../src/configure -v --with-pkgversion='Ubuntu/Linaro 4.7.3-12ubuntu1' --with-bugurl=file:///usr/share/doc/gcc-4.7/README.Bugs --enable-languages=c,c++,go,fortran,objc,obj-c++ --prefix=/usr --program-suffix=-4.7 --enable-shared --enable-linker-build-id --libexecdir=/usr/lib --without-included-gettext --enable-threads=posix --with-gxx-include-dir=/usr/include/c++/4.7 --libdir=/usr/lib --enable-nls --with-sysroot=/ --enable-clocale=gnu --enable-libstdcxx-debug --enable-gnu-unique-object --disable-libmudflap --enable-plugin --with-system-zlib --enable-objc-gc --with-cloog --enable-cloog-backend=ppl --disable-cloog-version-check --disable-ppl-version-check --enable-multiarch --disable-werror --with-arch-32=i686 --with-abi=m64 --with-multilib-list=m32,m64,mx32 --with-tune=generic --enable-checking=release --build=x86_64-linux-gnu --host=x86_64-linux-gnu --target=x86_64-linux-gnu]
  ignore line: [Thread model: posix]
  ignore line: [gcc version 4.7.3 (Ubuntu/Linaro 4.7.3-12ubuntu1) ]
  ignore line: [COMPILER_PATH=/usr/lib/gcc/x86_64-linux-gnu/4.7/:/usr/lib/gcc/x86_64-linux-gnu/4.7/:/usr/lib/gcc/x86_64-linux-gnu/:/usr/lib/gcc/x86_64-linux-gnu/4.7/:/usr/lib/gcc/x86_64-linux-gnu/]
  ignore line: [LIBRARY_PATH=/usr/lib/gcc/x86_64-linux-gnu/4.7/:/usr/lib/gcc/x86_64-linux-gnu/4.7/../../../x86_64-linux-gnu/:/usr/lib/gcc/x86_64-linux-gnu/4.7/../../../../lib/:/lib/x86_64-linux-gnu/:/lib/../lib/:/usr/lib/x86_64-linux-gnu/:/usr/lib/../lib/:/usr/lib/gcc/x86_64-linux-gnu/4.7/../../../:/lib/:/usr/lib/]
  ignore line: [COLLECT_GCC_OPTIONS='-v' '-o' 'cmTryCompileExec1404836774' '-rdynamic' '-mtune=generic' '-march=x86-64']
  link line: [ /usr/lib/gcc/x86_64-linux-gnu/4.7/collect2 --sysroot=/ --build-id --eh-frame-hdr -m elf_x86_64 --hash-style=gnu --as-needed -export-dynamic -dynamic-linker /lib64/ld-linux-x86-64.so.2 -z relro -o cmTryCompileExec1404836774 /usr/lib/gcc/x86_64-linux-gnu/4.7/../../../x86_64-linux-gnu/crt1.o /usr/lib/gcc/x86_64-linux-gnu/4.7/../../../x86_64-linux-gnu/crti.o /usr/lib/gcc/x86_64-linux-gnu/4.7/crtbegin.o -L/usr/lib/gcc/x86_64-linux-gnu/4.7 -L/usr/lib/gcc/x86_64-linux-gnu/4.7/../../../x86_64-linux-gnu -L/usr/lib/gcc/x86_64-linux-gnu/4.7/../../../../lib -L/lib/x86_64-linux-gnu -L/lib/../lib -L/usr/lib/x86_64-linux-gnu -L/usr/lib/../lib -L/usr/lib/gcc/x86_64-linux-gnu/4.7/../../.. CMakeFiles/cmTryCompileExec1404836774.dir/CMakeCCompilerABI.c.o -lgcc --as-needed -lgcc_s --no-as-needed -lc -lgcc --as-needed -lgcc_s --no-as-needed /usr/lib/gcc/x86_64-linux-gnu/4.7/crtend.o /usr/lib/gcc/x86_64-linux-gnu/4.7/../../../x86_64-linux-gnu/crtn.o]
    arg [/usr/lib/gcc/x86_64-linux-gnu/4.7/collect2] ==> ignore
    arg [--sysroot=/] ==> ignore
    arg [--build-id] ==> ignore
    arg [--eh-frame-hdr] ==> ignore
    arg [-m] ==> ignore
    arg [elf_x86_64] ==> ignore
    arg [--hash-style=gnu] ==> ignore
    arg [--as-needed] ==> ignore
    arg [-export-dynamic] ==> ignore
    arg [-dynamic-linker] ==> ignore
    arg [/lib64/ld-linux-x86-64.so.2] ==> ignore
    arg [-zrelro] ==> ignore
    arg [-o] ==> ignore
    arg [cmTryCompileExec1404836774] ==> ignore
    arg [/usr/lib/gcc/x86_64-linux-gnu/4.7/../../../x86_64-linux-gnu/crt1.o] ==> ignore
    arg [/usr/lib/gcc/x86_64-linux-gnu/4.7/../../../x86_64-linux-gnu/crti.o] ==> ignore
    arg [/usr/lib/gcc/x86_64-linux-gnu/4.7/crtbegin.o] ==> ignore
    arg [-L/usr/lib/gcc/x86_64-linux-gnu/4.7] ==> dir [/usr/lib/gcc/x86_64-linux-gnu/4.7]
    arg [-L/usr/lib/gcc/x86_64-linux-gnu/4.7/../../../x86_64-linux-gnu] ==> dir [/usr/lib/gcc/x86_64-linux-gnu/4.7/../../../x86_64-linux-gnu]
    arg [-L/usr/lib/gcc/x86_64-linux-gnu/4.7/../../../../lib] ==> dir [/usr/lib/gcc/x86_64-linux-gnu/4.7/../../../../lib]
    arg [-L/lib/x86_64-linux-gnu] ==> dir [/lib/x86_64-linux-gnu]
    arg [-L/lib/../lib] ==> dir [/lib/../lib]
    arg [-L/usr/lib/x86_64-linux-gnu] ==> dir [/usr/lib/x86_64-linux-gnu]
    arg [-L/usr/lib/../lib] ==> dir [/usr/lib/../lib]
    arg [-L/usr/lib/gcc/x86_64-linux-gnu/4.7/../../..] ==> dir [/usr/lib/gcc/x86_64-linux-gnu/4.7/../../..]
    arg [CMakeFiles/cmTryCompileExec1404836774.dir/CMakeCCompilerABI.c.o] ==> ignore
    arg [-lgcc] ==> lib [gcc]
    arg [--as-needed] ==> ignore
    arg [-lgcc_s] ==> lib [gcc_s]
    arg [--no-as-needed] ==> ignore
    arg [-lc] ==> lib [c]
    arg [-lgcc] ==> lib [gcc]
    arg [--as-needed] ==> ignore
    arg [-lgcc_s] ==> lib [gcc_s]
    arg [--no-as-needed] ==> ignore
    arg [/usr/lib/gcc/x86_64-linux-gnu/4.7/crtend.o] ==> ignore
    arg [/usr/lib/gcc/x86_64-linux-gnu/4.7/../../../x86_64-linux-gnu/crtn.o] ==> ignore
  remove lib [gcc]
  remove lib [gcc_s]
  remove lib [gcc]
  remove lib [gcc_s]
  collapse library dir [/usr/lib/gcc/x86_64-linux-gnu/4.7] ==> [/usr/lib/gcc/x86_64-linux-gnu/4.7]
  collapse library dir [/usr/lib/gcc/x86_64-linux-gnu/4.7/../../../x86_64-linux-gnu] ==> [/usr/lib/x86_64-linux-gnu]
  collapse library dir [/usr/lib/gcc/x86_64-linux-gnu/4.7/../../../../lib] ==> [/usr/lib]
  collapse library dir [/lib/x86_64-linux-gnu] ==> [/lib/x86_64-linux-gnu]
  collapse library dir [/lib/../lib] ==> [/lib]
  collapse library dir [/usr/lib/x86_64-linux-gnu] ==> [/usr/lib/x86_64-linux-gnu]
  collapse library dir [/usr/lib/../lib] ==> [/usr/lib]
  collapse library dir [/usr/lib/gcc/x86_64-linux-gnu/4.7/../../..] ==> [/usr/lib]
  implicit libs: [c]
  implicit dirs: [/usr/lib/gcc/x86_64-linux-gnu/4.7;/usr/lib/x86_64-linux-gnu;/usr/lib;/lib/x86_64-linux-gnu;/lib]
  implicit fwks: []


Determining if the CXX compiler works passed with the following output:
Change Dir: /home/dalong/Workspace/voronoi-3d/CMakeFiles/CMakeTmp

Run Build Command:/usr/bin/make "cmTryCompileExec1976861363/fast"
/usr/bin/make -f CMakeFiles/cmTryCompileExec1976861363.dir/build.make CMakeFiles/cmTryCompileExec1976861363.dir/build
make[1]: Entering directory `/home/dalong/Workspace/voronoi-3d/CMakeFiles/CMakeTmp'
/usr/bin/cmake -E cmake_progress_report /home/dalong/Workspace/voronoi-3d/CMakeFiles/CMakeTmp/CMakeFiles 1
Building CXX object CMakeFiles/cmTryCompileExec1976861363.dir/testCXXCompiler.cxx.o
/usr/bin/c++     -o CMakeFiles/cmTryCompileExec1976861363.dir/testCXXCompiler.cxx.o -c /home/dalong/Workspace/voronoi-3d/CMakeFiles/CMakeTmp/testCXXCompiler.cxx
Linking CXX executable cmTryCompileExec1976861363
/usr/bin/cmake -E cmake_link_script CMakeFiles/cmTryCompileExec1976861363.dir/link.txt --verbose=1
/usr/bin/c++        CMakeFiles/cmTryCompileExec1976861363.dir/testCXXCompiler.cxx.o  -o cmTryCompileExec1976861363 -rdynamic 
make[1]: Leaving directory `/home/dalong/Workspace/voronoi-3d/CMakeFiles/CMakeTmp'


Detecting CXX compiler ABI info compiled with the following output:
Change Dir: /home/dalong/Workspace/voronoi-3d/CMakeFiles/CMakeTmp

Run Build Command:/usr/bin/make "cmTryCompileExec1513908537/fast"
/usr/bin/make -f CMakeFiles/cmTryCompileExec1513908537.dir/build.make CMakeFiles/cmTryCompileExec1513908537.dir/build
make[1]: Entering directory `/home/dalong/Workspace/voronoi-3d/CMakeFiles/CMakeTmp'
/usr/bin/cmake -E cmake_progress_report /home/dalong/Workspace/voronoi-3d/CMakeFiles/CMakeTmp/CMakeFiles 1
Building CXX object CMakeFiles/cmTryCompileExec1513908537.dir/CMakeCXXCompilerABI.cpp.o
/usr/bin/c++     -o CMakeFiles/cmTryCompileExec1513908537.dir/CMakeCXXCompilerABI.cpp.o -c /usr/share/cmake-2.8/Modules/CMakeCXXCompilerABI.cpp
Linking CXX executable cmTryCompileExec1513908537
/usr/bin/cmake -E cmake_link_script CMakeFiles/cmTryCompileExec1513908537.dir/link.txt --verbose=1
/usr/bin/c++      -v CMakeFiles/cmTryCompileExec1513908537.dir/CMakeCXXCompilerABI.cpp.o  -o cmTryCompileExec1513908537 -rdynamic  
Using built-in specs.
COLLECT_GCC=/usr/bin/c++
COLLECT_LTO_WRAPPER=/usr/lib/gcc/x86_64-linux-gnu/4.7/lto-wrapper
Target: x86_64-linux-gnu
Configured with: ../src/configure -v --with-pkgversion='Ubuntu/Linaro 4.7.3-12ubuntu1' --with-bugurl=file:///usr/share/doc/gcc-4.7/README.Bugs --enable-languages=c,c++,go,fortran,objc,obj-c++ --prefix=/usr --program-suffix=-4.7 --enable-shared --enable-linker-build-id --libexecdir=/usr/lib --without-included-gettext --enable-threads=posix --with-gxx-include-dir=/usr/include/c++/4.7 --libdir=/usr/lib --enable-nls --with-sysroot=/ --enable-clocale=gnu --enable-libstdcxx-debug --enable-gnu-unique-object --disable-libmudflap --enable-plugin --with-system-zlib --enable-objc-gc --with-cloog --enable-cloog-backend=ppl --disable-cloog-version-check --disable-ppl-version-check --enable-multiarch --disable-werror --with-arch-32=i686 --with-abi=m64 --with-multilib-list=m32,m64,mx32 --with-tune=generic --enable-checking=release --build=x86_64-linux-gnu --host=x86_64-linux-gnu --target=x86_64-linux-gnu
Thread model: posix
gcc version 4.7.3 (Ubuntu/Linaro 4.7.3-12ubuntu1) 
COMPILER_PATH=/usr/lib/gcc/x86_64-linux-gnu/4.7/:/usr/lib/gcc/x86_64-linux-gnu/4.7/:/usr/lib/gcc/x86_64-linux-gnu/:/usr/lib/gcc/x86_64-linux-gnu/4.7/:/usr/lib/gcc/x86_64-linux-gnu/
LIBRARY_PATH=/usr/lib/gcc/x86_64-linux-gnu/4.7/:/usr/lib/gcc/x86_64-linux-gnu/4.7/../../../x86_64-linux-gnu/:/usr/lib/gcc/x86_64-linux-gnu/4.7/../../../../lib/:/lib/x86_64-linux-gnu/:/lib/../lib/:/usr/lib/x86_64-linux-gnu/:/usr/lib/../lib/:/usr/lib/gcc/x86_64-linux-gnu/4.7/../../../:/lib/:/usr/lib/
COLLECT_GCC_OPTIONS='-v' '-o' 'cmTryCompileExec1513908537' '-rdynamic' '-shared-libgcc' '-mtune=generic' '-march=x86-64'
 /usr/lib/gcc/x86_64-linux-gnu/4.7/collect2 --sysroot=/ --build-id --eh-frame-hdr -m elf_x86_64 --hash-style=gnu --as-needed -export-dynamic -dynamic-linker /lib64/ld-linux-x86-64.so.2 -z relro -o cmTryCompileExec1513908537 /usr/lib/gcc/x86_64-linux-gnu/4.7/../../../x86_64-linux-gnu/crt1.o /usr/lib/gcc/x86_64-linux-gnu/4.7/../../../x86_64-linux-gnu/crti.o /usr/lib/gcc/x86_64-linux-gnu/4.7/crtbegin.o -L/usr/lib/gcc/x86_64-linux-gnu/4.7 -L/usr/lib/gcc/x86_64-linux-gnu/4.7/../../../x86_64-linux-gnu -L/usr/lib/gcc/x86_64-linux-gnu/4.7/../../../../lib -L/lib/x86_64-linux-gnu -L/lib/../lib -L/usr/lib/x86_64-linux-gnu -L/usr/lib/../lib -L/usr/lib/gcc/x86_64-linux-gnu/4.7/../../.. CMakeFiles/cmTryCompileExec1513908537.dir/CMakeCXXCompilerABI.cpp.o -lstdc++ -lm -lgcc_s -lgcc -lc -lgcc_s -lgcc /usr/lib/gcc/x86_64-linux-gnu/4.7/crtend.o /usr/lib/gcc/x86_64-linux-gnu/4.7/../../../x86_64-linux-gnu/crtn.o
make[1]: Leaving directory `/home/dalong/Workspace/voronoi-3d/CMakeFiles/CMakeTmp'


Parsed CXX implicit link information from above output:
  link line regex: [^( *|.*[/\])(ld|([^/\]+-)?ld|collect2)[^/\]*( |$)]
  ignore line: [Change Dir: /home/dalong/Workspace/voronoi-3d/CMakeFiles/CMakeTmp]
  ignore line: []
  ignore line: [Run Build Command:/usr/bin/make "cmTryCompileExec1513908537/fast"]
  ignore line: [/usr/bin/make -f CMakeFiles/cmTryCompileExec1513908537.dir/build.make CMakeFiles/cmTryCompileExec1513908537.dir/build]
  ignore line: [make[1]: Entering directory `/home/dalong/Workspace/voronoi-3d/CMakeFiles/CMakeTmp']
  ignore line: [/usr/bin/cmake -E cmake_progress_report /home/dalong/Workspace/voronoi-3d/CMakeFiles/CMakeTmp/CMakeFiles 1]
  ignore line: [Building CXX object CMakeFiles/cmTryCompileExec1513908537.dir/CMakeCXXCompilerABI.cpp.o]
  ignore line: [/usr/bin/c++     -o CMakeFiles/cmTryCompileExec1513908537.dir/CMakeCXXCompilerABI.cpp.o -c /usr/share/cmake-2.8/Modules/CMakeCXXCompilerABI.cpp]
  ignore line: [Linking CXX executable cmTryCompileExec1513908537]
  ignore line: [/usr/bin/cmake -E cmake_link_script CMakeFiles/cmTryCompileExec1513908537.dir/link.txt --verbose=1]
  ignore line: [/usr/bin/c++      -v CMakeFiles/cmTryCompileExec1513908537.dir/CMakeCXXCompilerABI.cpp.o  -o cmTryCompileExec1513908537 -rdynamic  ]
  ignore line: [Using built-in specs.]
  ignore line: [COLLECT_GCC=/usr/bin/c++]
  ignore line: [COLLECT_LTO_WRAPPER=/usr/lib/gcc/x86_64-linux-gnu/4.7/lto-wrapper]
  ignore line: [Target: x86_64-linux-gnu]
  ignore line: [Configured with: ../src/configure -v --with-pkgversion='Ubuntu/Linaro 4.7.3-12ubuntu1' --with-bugurl=file:///usr/share/doc/gcc-4.7/README.Bugs --enable-languages=c,c++,go,fortran,objc,obj-c++ --prefix=/usr --program-suffix=-4.7 --enable-shared --enable-linker-build-id --libexecdir=/usr/lib --without-included-gettext --enable-threads=posix --with-gxx-include-dir=/usr/include/c++/4.7 --libdir=/usr/lib --enable-nls --with-sysroot=/ --enable-clocale=gnu --enable-libstdcxx-debug --enable-gnu-unique-object --disable-libmudflap --enable-plugin --with-system-zlib --enable-objc-gc --with-cloog --enable-cloog-backend=ppl --disable-cloog-version-check --disable-ppl-version-check --enable-multiarch --disable-werror --with-arch-32=i686 --with-abi=m64 --with-multilib-list=m32,m64,mx32 --with-tune=generic --enable-checking=release --build=x86_64-linux-gnu --host=x86_64-linux-gnu --target=x86_64-linux-gnu]
  ignore line: [Thread model: posix]
  ignore line: [gcc version 4.7.3 (Ubuntu/Linaro 4.7.3-12ubuntu1) ]
  ignore line: [COMPILER_PATH=/usr/lib/gcc/x86_64-linux-gnu/4.7/:/usr/lib/gcc/x86_64-linux-gnu/4.7/:/usr/lib/gcc/x86_64-linux-gnu/:/usr/lib/gcc/x86_64-linux-gnu/4.7/:/usr/lib/gcc/x86_64-linux-gnu/]
  ignore line: [LIBRARY_PATH=/usr/lib/gcc/x86_64-linux-gnu/4.7/:/usr/lib/gcc/x86_64-linux-gnu/4.7/../../../x86_64-linux-gnu/:/usr/lib/gcc/x86_64-linux-gnu/4.7/../../../../lib/:/lib/x86_64-linux-gnu/:/lib/../lib/:/usr/lib/x86_64-linux-gnu/:/usr/lib/../lib/:/usr/lib/gcc/x86_64-linux-gnu/4.7/../../../:/lib/:/usr/lib/]
  ignore line: [COLLECT_GCC_OPTIONS='-v' '-o' 'cmTryCompileExec1513908537' '-rdynamic' '-shared-libgcc' '-mtune=generic' '-march=x86-64']
  link line: [ /usr/lib/gcc/x86_64-linux-gnu/4.7/collect2 --sysroot=/ --build-id --eh-frame-hdr -m elf_x86_64 --hash-style=gnu --as-needed -export-dynamic -dynamic-linker /lib64/ld-linux-x86-64.so.2 -z relro -o cmTryCompileExec1513908537 /usr/lib/gcc/x86_64-linux-gnu/4.7/../../../x86_64-linux-gnu/crt1.o /usr/lib/gcc/x86_64-linux-gnu/4.7/../../../x86_64-linux-gnu/crti.o /usr/lib/gcc/x86_64-linux-gnu/4.7/crtbegin.o -L/usr/lib/gcc/x86_64-linux-gnu/4.7 -L/usr/lib/gcc/x86_64-linux-gnu/4.7/../../../x86_64-linux-gnu -L/usr/lib/gcc/x86_64-linux-gnu/4.7/../../../../lib -L/lib/x86_64-linux-gnu -L/lib/../lib -L/usr/lib/x86_64-linux-gnu -L/usr/lib/../lib -L/usr/lib/gcc/x86_64-linux-gnu/4.7/../../.. CMakeFiles/cmTryCompileExec1513908537.dir/CMakeCXXCompilerABI.cpp.o -lstdc++ -lm -lgcc_s -lgcc -lc -lgcc_s -lgcc /usr/lib/gcc/x86_64-linux-gnu/4.7/crtend.o /usr/lib/gcc/x86_64-linux-gnu/4.7/../../../x86_64-linux-gnu/crtn.o]
    arg [/usr/lib/gcc/x86_64-linux-gnu/4.7/collect2] ==> ignore
    arg [--sysroot=/] ==> ignore
    arg [--build-id] ==> ignore
    arg [--eh-frame-hdr] ==> ignore
    arg [-m] ==> ignore
    arg [elf_x86_64] ==> ignore
    arg [--hash-style=gnu] ==> ignore
    arg [--as-needed] ==> ignore
    arg [-export-dynamic] ==> ignore
    arg [-dynamic-linker] ==> ignore
    arg [/lib64/ld-linux-x86-64.so.2] ==> ignore
    arg [-zrelro] ==> ignore
    arg [-o] ==> ignore
    arg [cmTryCompileExec1513908537] ==> ignore
    arg [/usr/lib/gcc/x86_64-linux-gnu/4.7/../../../x86_64-linux-gnu/crt1.o] ==> ignore
    arg [/usr/lib/gcc/x86_64-linux-gnu/4.7/../../../x86_64-linux-gnu/crti.o] ==> ignore
    arg [/usr/lib/gcc/x86_64-linux-gnu/4.7/crtbegin.o] ==> ignore
    arg [-L/usr/lib/gcc/x86_64-linux-gnu/4.7] ==> dir [/usr/lib/gcc/x86_64-linux-gnu/4.7]
    arg [-L/usr/lib/gcc/x86_64-linux-gnu/4.7/../../../x86_64-linux-gnu] ==> dir [/usr/lib/gcc/x86_64-linux-gnu/4.7/../../../x86_64-linux-gnu]
    arg [-L/usr/lib/gcc/x86_64-linux-gnu/4.7/../../../../lib] ==> dir [/usr/lib/gcc/x86_64-linux-gnu/4.7/../../../../lib]
    arg [-L/lib/x86_64-linux-gnu] ==> dir [/lib/x86_64-linux-gnu]
    arg [-L/lib/../lib] ==> dir [/lib/../lib]
    arg [-L/usr/lib/x86_64-linux-gnu] ==> dir [/usr/lib/x86_64-linux-gnu]
    arg [-L/usr/lib/../lib] ==> dir [/usr/lib/../lib]
    arg [-L/usr/lib/gcc/x86_64-linux-gnu/4.7/../../..] ==> dir [/usr/lib/gcc/x86_64-linux-gnu/4.7/../../..]
    arg [CMakeFiles/cmTryCompileExec1513908537.dir/CMakeCXXCompilerABI.cpp.o] ==> ignore
    arg [-lstdc++] ==> lib [stdc++]
    arg [-lm] ==> lib [m]
    arg [-lgcc_s] ==> lib [gcc_s]
    arg [-lgcc] ==> lib [gcc]
    arg [-lc] ==> lib [c]
    arg [-lgcc_s] ==> lib [gcc_s]
    arg [-lgcc] ==> lib [gcc]
    arg [/usr/lib/gcc/x86_64-linux-gnu/4.7/crtend.o] ==> ignore
    arg [/usr/lib/gcc/x86_64-linux-gnu/4.7/../../../x86_64-linux-gnu/crtn.o] ==> ignore
  remove lib [gcc_s]
  remove lib [gcc]
  remove lib [gcc_s]
  remove lib [gcc]
  collapse library dir [/usr/lib/gcc/x86_64-linux-gnu/4.7] ==> [/usr/lib/gcc/x86_64-linux-gnu/4.7]
  collapse library dir [/usr/lib/gcc/x86_64-linux-gnu/4.7/../../../x86_64-linux-gnu] ==> [/usr/lib/x86_64-linux-gnu]
  collapse library dir [/usr/lib/gcc/x86_64-linux-gnu/4.7/../../../../lib] ==> [/usr/lib]
  collapse library dir [/lib/x86_64-linux-gnu] ==> [/lib/x86_64-linux-gnu]
  collapse library dir [/lib/../lib] ==> [/lib]
  collapse library dir [/usr/lib/x86_64-linux-gnu] ==> [/usr/lib/x86_64-linux-gnu]
  collapse library dir [/usr/lib/../lib] ==> [/usr/lib]
  collapse library dir [/usr/lib/gcc/x86_64-linux-gnu/4.7/../../..] ==> [/usr/lib]
  implicit libs: [stdc++;m;c]
  implicit dirs: [/usr/lib/gcc/x86_64-linux-gnu/4.7;/usr/lib/x86_64-linux-gnu;/usr/lib;/lib/x86_64-linux-gnu;/lib]
  implicit fwks: []


Determining if the function XOpenDisplay exists in the /usr/lib/x86_64-linux-gnu/libX11.so;/usr/lib/x86_64-linux-gnu/libXext.so passed with the following output:
Change Dir: /home/dalong/Workspace/voronoi-3d/CMakeFiles/CMakeTmp

Run Build Command:/usr/bin/make "cmTryCompileExec328543862/fast"
/usr/bin/make -f CMakeFiles/cmTryCompileExec328543862.dir/build.make CMakeFiles/cmTryCompileExec328543862.dir/build
make[1]: Entering directory `/home/dalong/Workspace/voronoi-3d/CMakeFiles/CMakeTmp'
/usr/bin/cmake -E cmake_progress_report /home/dalong/Workspace/voronoi-3d/CMakeFiles/CMakeTmp/CMakeFiles 1
Building C object CMakeFiles/cmTryCompileExec328543862.dir/CheckFunctionExists.c.o
/usr/bin/cc   -DCHECK_FUNCTION_EXISTS=XOpenDisplay   -o CMakeFiles/cmTryCompileExec328543862.dir/CheckFunctionExists.c.o   -c /usr/share/cmake-2.8/Modules/CheckFunctionExists.c
Linking C executable cmTryCompileExec328543862
/usr/bin/cmake -E cmake_link_script CMakeFiles/cmTryCompileExec328543862.dir/link.txt --verbose=1
/usr/bin/cc   -DCHECK_FUNCTION_EXISTS=XOpenDisplay    CMakeFiles/cmTryCompileExec328543862.dir/CheckFunctionExists.c.o  -o cmTryCompileExec328543862 -rdynamic -lX11 -lXext 
make[1]: Leaving directory `/home/dalong/Workspace/voronoi-3d/CMakeFiles/CMakeTmp'


Determining if the function gethostbyname exists passed with the following output:
Change Dir: /home/dalong/Workspace/voronoi-3d/CMakeFiles/CMakeTmp

Run Build Command:/usr/bin/make "cmTryCompileExec527756899/fast"
/usr/bin/make -f CMakeFiles/cmTryCompileExec527756899.dir/build.make CMakeFiles/cmTryCompileExec527756899.dir/build
make[1]: Entering directory `/home/dalong/Workspace/voronoi-3d/CMakeFiles/CMakeTmp'
/usr/bin/cmake -E cmake_progress_report /home/dalong/Workspace/voronoi-3d/CMakeFiles/CMakeTmp/CMakeFiles 1
Building C object CMakeFiles/cmTryCompileExec527756899.dir/CheckFunctionExists.c.o
/usr/bin/cc   -DCHECK_FUNCTION_EXISTS=gethostbyname   -o CMakeFiles/cmTryCompileExec527756899.dir/CheckFunctionExists.c.o   -c /usr/share/cmake-2.8/Modules/CheckFunctionExists.c
Linking C executable cmTryCompileExec527756899
/usr/bin/cmake -E cmake_link_script CMakeFiles/cmTryCompileExec527756899.dir/link.txt --verbose=1
/usr/bin/cc   -DCHECK_FUNCTION_EXISTS=gethostbyname    CMakeFiles/cmTryCompileExec527756899.dir/CheckFunctionExists.c.o  -o cmTryCompileExec527756899 -rdynamic 
make[1]: Leaving directory `/home/dalong/Workspace/voronoi-3d/CMakeFiles/CMakeTmp'


Determining if the function connect exists passed with the following output:
Change Dir: /home/dalong/Workspace/voronoi-3d/CMakeFiles/CMakeTmp

Run Build Command:/usr/bin/make "cmTryCompileExec1088474392/fast"
/usr/bin/make -f CMakeFiles/cmTryCompileExec1088474392.dir/build.make CMakeFiles/cmTryCompileExec1088474392.dir/build
make[1]: Entering directory `/home/dalong/Workspace/voronoi-3d/CMakeFiles/CMakeTmp'
/usr/bin/cmake -E cmake_progress_report /home/dalong/Workspace/voronoi-3d/CMakeFiles/CMakeTmp/CMakeFiles 1
Building C object CMakeFiles/cmTryCompileExec1088474392.dir/CheckFunctionExists.c.o
/usr/bin/cc   -DCHECK_FUNCTION_EXISTS=connect   -o CMakeFiles/cmTryCompileExec1088474392.dir/CheckFunctionExists.c.o   -c /usr/share/cmake-2.8/Modules/CheckFunctionExists.c
Linking C executable cmTryCompileExec1088474392
/usr/bin/cmake -E cmake_link_script CMakeFiles/cmTryCompileExec1088474392.dir/link.txt --verbose=1
/usr/bin/cc   -DCHECK_FUNCTION_EXISTS=connect    CMakeFiles/cmTryCompileExec1088474392.dir/CheckFunctionExists.c.o  -o cmTryCompileExec1088474392 -rdynamic 
make[1]: Leaving directory `/home/dalong/Workspace/voronoi-3d/CMakeFiles/CMakeTmp'


Determining if the function remove exists passed with the following output:
Change Dir: /home/dalong/Workspace/voronoi-3d/CMakeFiles/CMakeTmp

Run Build Command:/usr/bin/make "cmTryCompileExec3164343555/fast"
/usr/bin/make -f CMakeFiles/cmTryCompileExec3164343555.dir/build.make CMakeFiles/cmTryCompileExec3164343555.dir/build
make[1]: Entering directory `/home/dalong/Workspace/voronoi-3d/CMakeFiles/CMakeTmp'
/usr/bin/cmake -E cmake_progress_report /home/dalong/Workspace/voronoi-3d/CMakeFiles/CMakeTmp/CMakeFiles 1
Building C object CMakeFiles/cmTryCompileExec3164343555.dir/CheckFunctionExists.c.o
/usr/bin/cc   -DCHECK_FUNCTION_EXISTS=remove   -o CMakeFiles/cmTryCompileExec3164343555.dir/CheckFunctionExists.c.o   -c /usr/share/cmake-2.8/Modules/CheckFunctionExists.c
Linking C executable cmTryCompileExec3164343555
/usr/bin/cmake -E cmake_link_script CMakeFiles/cmTryCompileExec3164343555.dir/link.txt --verbose=1
/usr/bin/cc   -DCHECK_FUNCTION_EXISTS=remove    CMakeFiles/cmTryCompileExec3164343555.dir/CheckFunctionExists.c.o  -o cmTryCompileExec3164343555 -rdynamic 
make[1]: Leaving directory `/home/dalong/Workspace/voronoi-3d/CMakeFiles/CMakeTmp'


Determining if the function shmat exists passed with the following output:
Change Dir: /home/dalong/Workspace/voronoi-3d/CMakeFiles/CMakeTmp

Run Build Command:/usr/bin/make "cmTryCompileExec3244329728/fast"
/usr/bin/make -f CMakeFiles/cmTryCompileExec3244329728.dir/build.make CMakeFiles/cmTryCompileExec3244329728.dir/build
make[1]: Entering directory `/home/dalong/Workspace/voronoi-3d/CMakeFiles/CMakeTmp'
/usr/bin/cmake -E cmake_progress_report /home/dalong/Workspace/voronoi-3d/CMakeFiles/CMakeTmp/CMakeFiles 1
Building C object CMakeFiles/cmTryCompileExec3244329728.dir/CheckFunctionExists.c.o
/usr/bin/cc   -DCHECK_FUNCTION_EXISTS=shmat   -o CMakeFiles/cmTryCompileExec3244329728.dir/CheckFunctionExists.c.o   -c /usr/share/cmake-2.8/Modules/CheckFunctionExists.c
Linking C executable cmTryCompileExec3244329728
/usr/bin/cmake -E cmake_link_script CMakeFiles/cmTryCompileExec3244329728.dir/link.txt --verbose=1
/usr/bin/cc   -DCHECK_FUNCTION_EXISTS=shmat    CMakeFiles/cmTryCompileExec3244329728.dir/CheckFunctionExists.c.o  -o cmTryCompileExec3244329728 -rdynamic 
make[1]: Leaving directory `/home/dalong/Workspace/voronoi-3d/CMakeFiles/CMakeTmp'


Determining if the function IceConnectionNumber exists in the ICE passed with the following output:
Change Dir: /home/dalong/Workspace/voronoi-3d/CMakeFiles/CMakeTmp

Run Build Command:/usr/bin/make "cmTryCompileExec1987699184/fast"
/usr/bin/make -f CMakeFiles/cmTryCompileExec1987699184.dir/build.make CMakeFiles/cmTryCompileExec1987699184.dir/build
make[1]: Entering directory `/home/dalong/Workspace/voronoi-3d/CMakeFiles/CMakeTmp'
/usr/bin/cmake -E cmake_progress_report /home/dalong/Workspace/voronoi-3d/CMakeFiles/CMakeTmp/CMakeFiles 1
Building C object CMakeFiles/cmTryCompileExec1987699184.dir/CheckFunctionExists.c.o
/usr/bin/cc   -DCHECK_FUNCTION_EXISTS=IceConnectionNumber   -o CMakeFiles/cmTryCompileExec1987699184.dir/CheckFunctionExists.c.o   -c /usr/share/cmake-2.8/Modules/CheckFunctionExists.c
Linking C executable cmTryCompileExec1987699184
/usr/bin/cmake -E cmake_link_script CMakeFiles/cmTryCompileExec1987699184.dir/link.txt --verbose=1
/usr/bin/cc   -DCHECK_FUNCTION_EXISTS=IceConnectionNumber    CMakeFiles/cmTryCompileExec1987699184.dir/CheckFunctionExists.c.o  -o cmTryCompileExec1987699184 -rdynamic -lICE 
make[1]: Leaving directory `/home/dalong/Workspace/voronoi-3d/CMakeFiles/CMakeTmp'


Determining if the function XOpenDisplay exists in the /usr/lib/x86_64-linux-gnu/libX11.so;/usr/lib/x86_64-linux-gnu/libXext.so passed with the following output:
Change Dir: /home/dalong/Workspace/voronoi-3d/CMakeFiles/CMakeTmp

Run Build Command:/usr/bin/make "cmTryCompileExec3821925029/fast"
/usr/bin/make -f CMakeFiles/cmTryCompileExec3821925029.dir/build.make CMakeFiles/cmTryCompileExec3821925029.dir/build
make[1]: Entering directory `/home/dalong/Workspace/voronoi-3d/CMakeFiles/CMakeTmp'
/usr/bin/cmake -E cmake_progress_report /home/dalong/Workspace/voronoi-3d/CMakeFiles/CMakeTmp/CMakeFiles 1
Building C object CMakeFiles/cmTryCompileExec3821925029.dir/CheckFunctionExists.c.o
/usr/bin/cc   -DCHECK_FUNCTION_EXISTS=XOpenDisplay   -o CMakeFiles/cmTryCompileExec3821925029.dir/CheckFunctionExists.c.o   -c /usr/share/cmake-2.8/Modules/CheckFunctionExists.c
Linking C executable cmTryCompileExec3821925029
/usr/bin/cmake -E cmake_link_script CMakeFiles/cmTryCompileExec3821925029.dir/link.txt --verbose=1
/usr/bin/cc   -DCHECK_FUNCTION_EXISTS=XOpenDisplay    CMakeFiles/cmTryCompileExec3821925029.dir/CheckFunctionExists.c.o  -o cmTryCompileExec3821925029 -rdynamic -lX11 -lXext 
make[1]: Leaving directory `/home/dalong/Workspace/voronoi-3d/CMakeFiles/CMakeTmp'


Determining if the function gethostbyname exists passed with the following output:
Change Dir: /home/dalong/Workspace/voronoi-3d/CMakeFiles/CMakeTmp

Run Build Command:/usr/bin/make "cmTryCompileExec3868929354/fast"
/usr/bin/make -f CMakeFiles/cmTryCompileExec3868929354.dir/build.make CMakeFiles/cmTryCompileExec3868929354.dir/build
make[1]: Entering directory `/home/dalong/Workspace/voronoi-3d/CMakeFiles/CMakeTmp'
/usr/bin/cmake -E cmake_progress_report /home/dalong/Workspace/voronoi-3d/CMakeFiles/CMakeTmp/CMakeFiles 1
Building C object CMakeFiles/cmTryCompileExec3868929354.dir/CheckFunctionExists.c.o
/usr/bin/cc   -DCHECK_FUNCTION_EXISTS=gethostbyname   -o CMakeFiles/cmTryCompileExec3868929354.dir/CheckFunctionExists.c.o   -c /usr/share/cmake-2.8/Modules/CheckFunctionExists.c
Linking C executable cmTryCompileExec3868929354
/usr/bin/cmake -E cmake_link_script CMakeFiles/cmTryCompileExec3868929354.dir/link.txt --verbose=1
/usr/bin/cc   -DCHECK_FUNCTION_EXISTS=gethostbyname    CMakeFiles/cmTryCompileExec3868929354.dir/CheckFunctionExists.c.o  -o cmTryCompileExec3868929354 -rdynamic 
make[1]: Leaving directory `/home/dalong/Workspace/voronoi-3d/CMakeFiles/CMakeTmp'


Determining if the function connect exists passed with the following output:
Change Dir: /home/dalong/Workspace/voronoi-3d/CMakeFiles/CMakeTmp

Run Build Command:/usr/bin/make "cmTryCompileExec890787808/fast"
/usr/bin/make -f CMakeFiles/cmTryCompileExec890787808.dir/build.make CMakeFiles/cmTryCompileExec890787808.dir/build
make[1]: Entering directory `/home/dalong/Workspace/voronoi-3d/CMakeFiles/CMakeTmp'
/usr/bin/cmake -E cmake_progress_report /home/dalong/Workspace/voronoi-3d/CMakeFiles/CMakeTmp/CMakeFiles 1
Building C object CMakeFiles/cmTryCompileExec890787808.dir/CheckFunctionExists.c.o
/usr/bin/cc   -DCHECK_FUNCTION_EXISTS=connect   -o CMakeFiles/cmTryCompileExec890787808.dir/CheckFunctionExists.c.o   -c /usr/share/cmake-2.8/Modules/CheckFunctionExists.c
Linking C executable cmTryCompileExec890787808
/usr/bin/cmake -E cmake_link_script CMakeFiles/cmTryCompileExec890787808.dir/link.txt --verbose=1
/usr/bin/cc   -DCHECK_FUNCTION_EXISTS=connect    CMakeFiles/cmTryCompileExec890787808.dir/CheckFunctionExists.c.o  -o cmTryCompileExec890787808 -rdynamic 
make[1]: Leaving directory `/home/dalong/Workspace/voronoi-3d/CMakeFiles/CMakeTmp'


Determining if the function remove exists passed with the following output:
Change Dir: /home/dalong/Workspace/voronoi-3d/CMakeFiles/CMakeTmp

Run Build Command:/usr/bin/make "cmTryCompileExec2505586802/fast"
/usr/bin/make -f CMakeFiles/cmTryCompileExec2505586802.dir/build.make CMakeFiles/cmTryCompileExec2505586802.dir/build
make[1]: Entering directory `/home/dalong/Workspace/voronoi-3d/CMakeFiles/CMakeTmp'
/usr/bin/cmake -E cmake_progress_report /home/dalong/Workspace/voronoi-3d/CMakeFiles/CMakeTmp/CMakeFiles 1
Building C object CMakeFiles/cmTryCompileExec2505586802.dir/CheckFunctionExists.c.o
/usr/bin/cc   -DCHECK_FUNCTION_EXISTS=remove   -o CMakeFiles/cmTryCompileExec2505586802.dir/CheckFunctionExists.c.o   -c /usr/share/cmake-2.8/Modules/CheckFunctionExists.c
Linking C executable cmTryCompileExec2505586802
/usr/bin/cmake -E cmake_link_script CMakeFiles/cmTryCompileExec2505586802.dir/link.txt --verbose=1
/usr/bin/cc   -DCHECK_FUNCTION_EXISTS=remove    CMakeFiles/cmTryCompileExec2505586802.dir/CheckFunctionExists.c.o  -o cmTryCompileExec2505586802 -rdynamic 
make[1]: Leaving directory `/home/dalong/Workspace/voronoi-3d/CMakeFiles/CMakeTmp'


Determining if the function shmat exists passed with the following output:
Change Dir: /home/dalong/Workspace/voronoi-3d/CMakeFiles/CMakeTmp

Run Build Command:/usr/bin/make "cmTryCompileExec1361231845/fast"
/usr/bin/make -f CMakeFiles/cmTryCompileExec1361231845.dir/build.make CMakeFiles/cmTryCompileExec1361231845.dir/build
make[1]: Entering directory `/home/dalong/Workspace/voronoi-3d/CMakeFiles/CMakeTmp'
/usr/bin/cmake -E cmake_progress_report /home/dalong/Workspace/voronoi-3d/CMakeFiles/CMakeTmp/CMakeFiles 1
Building C object CMakeFiles/cmTryCompileExec1361231845.dir/CheckFunctionExists.c.o
/usr/bin/cc   -DCHECK_FUNCTION_EXISTS=shmat   -o CMakeFiles/cmTryCompileExec1361231845.dir/CheckFunctionExists.c.o   -c /usr/share/cmake-2.8/Modules/CheckFunctionExists.c
Linking C executable cmTryCompileExec1361231845
/usr/bin/cmake -E cmake_link_script CMakeFiles/cmTryCompileExec1361231845.dir/link.txt --verbose=1
/usr/bin/cc   -DCHECK_FUNCTION_EXISTS=shmat    CMakeFiles/cmTryCompileExec1361231845.dir/CheckFunctionExists.c.o  -o cmTryCompileExec1361231845 -rdynamic 
make[1]: Leaving directory `/home/dalong/Workspace/voronoi-3d/CMakeFiles/CMakeTmp'


Determining if the function IceConnectionNumber exists in the ICE passed with the following output:
Change Dir: /home/dalong/Workspace/voronoi-3d/CMakeFiles/CMakeTmp

Run Build Command:/usr/bin/make "cmTryCompileExec2637221370/fast"
/usr/bin/make -f CMakeFiles/cmTryCompileExec2637221370.dir/build.make CMakeFiles/cmTryCompileExec2637221370.dir/build
make[1]: Entering directory `/home/dalong/Workspace/voronoi-3d/CMakeFiles/CMakeTmp'
/usr/bin/cmake -E cmake_progress_report /home/dalong/Workspace/voronoi-3d/CMakeFiles/CMakeTmp/CMakeFiles 1
Building C object CMakeFiles/cmTryCompileExec2637221370.dir/CheckFunctionExists.c.o
/usr/bin/cc   -DCHECK_FUNCTION_EXISTS=IceConnectionNumber   -o CMakeFiles/cmTryCompileExec2637221370.dir/CheckFunctionExists.c.o   -c /usr/share/cmake-2.8/Modules/CheckFunctionExists.c
Linking C executable cmTryCompileExec2637221370
/usr/bin/cmake -E cmake_link_script CMakeFiles/cmTryCompileExec2637221370.dir/link.txt --verbose=1
/usr/bin/cc   -DCHECK_FUNCTION_EXISTS=IceConnectionNumber    CMakeFiles/cmTryCompileExec2637221370.dir/CheckFunctionExists.c.o  -o cmTryCompileExec2637221370 -rdynamic -lICE 
make[1]: Leaving directory `/home/dalong/Workspace/voronoi-3d/CMakeFiles/CMakeTmp'


Determining if the function XOpenDisplay exists in the /usr/lib/x86_64-linux-gnu/libX11.so;/usr/lib/x86_64-linux-gnu/libXext.so passed with the following output:
Change Dir: /home/dalong/Workspace/voronoi-3d/CMakeFiles/CMakeTmp

Run Build Command:/usr/bin/make "cmTryCompileExec762090169/fast"
/usr/bin/make -f CMakeFiles/cmTryCompileExec762090169.dir/build.make CMakeFiles/cmTryCompileExec762090169.dir/build
make[1]: Entering directory `/home/dalong/Workspace/voronoi-3d/CMakeFiles/CMakeTmp'
/usr/bin/cmake -E cmake_progress_report /home/dalong/Workspace/voronoi-3d/CMakeFiles/CMakeTmp/CMakeFiles 1
Building C object CMakeFiles/cmTryCompileExec762090169.dir/CheckFunctionExists.c.o
/usr/bin/cc   -DCHECK_FUNCTION_EXISTS=XOpenDisplay   -o CMakeFiles/cmTryCompileExec762090169.dir/CheckFunctionExists.c.o   -c /usr/share/cmake-2.8/Modules/CheckFunctionExists.c
Linking C executable cmTryCompileExec762090169
/usr/bin/cmake -E cmake_link_script CMakeFiles/cmTryCompileExec762090169.dir/link.txt --verbose=1
/usr/bin/cc   -DCHECK_FUNCTION_EXISTS=XOpenDisplay    CMakeFiles/cmTryCompileExec762090169.dir/CheckFunctionExists.c.o  -o cmTryCompileExec762090169 -rdynamic -lX11 -lXext 
make[1]: Leaving directory `/home/dalong/Workspace/voronoi-3d/CMakeFiles/CMakeTmp'


Determining if the function gethostbyname exists passed with the following output:
Change Dir: /home/dalong/Workspace/voronoi-3d/CMakeFiles/CMakeTmp

Run Build Command:/usr/bin/make "cmTryCompileExec4027529330/fast"
/usr/bin/make -f CMakeFiles/cmTryCompileExec4027529330.dir/build.make CMakeFiles/cmTryCompileExec4027529330.dir/build
make[1]: Entering directory `/home/dalong/Workspace/voronoi-3d/CMakeFiles/CMakeTmp'
/usr/bin/cmake -E cmake_progress_report /home/dalong/Workspace/voronoi-3d/CMakeFiles/CMakeTmp/CMakeFiles 1
Building C object CMakeFiles/cmTryCompileExec4027529330.dir/CheckFunctionExists.c.o
/usr/bin/cc   -DCHECK_FUNCTION_EXISTS=gethostbyname   -o CMakeFiles/cmTryCompileExec4027529330.dir/CheckFunctionExists.c.o   -c /usr/share/cmake-2.8/Modules/CheckFunctionExists.c
Linking C executable cmTryCompileExec4027529330
/usr/bin/cmake -E cmake_link_script CMakeFiles/cmTryCompileExec4027529330.dir/link.txt --verbose=1
/usr/bin/cc   -DCHECK_FUNCTION_EXISTS=gethostbyname    CMakeFiles/cmTryCompileExec4027529330.dir/CheckFunctionExists.c.o  -o cmTryCompileExec4027529330 -rdynamic 
make[1]: Leaving directory `/home/dalong/Workspace/voronoi-3d/CMakeFiles/CMakeTmp'


Determining if the function connect exists passed with the following output:
Change Dir: /home/dalong/Workspace/voronoi-3d/CMakeFiles/CMakeTmp

Run Build Command:/usr/bin/make "cmTryCompileExec523051410/fast"
/usr/bin/make -f CMakeFiles/cmTryCompileExec523051410.dir/build.make CMakeFiles/cmTryCompileExec523051410.dir/build
make[1]: Entering directory `/home/dalong/Workspace/voronoi-3d/CMakeFiles/CMakeTmp'
/usr/bin/cmake -E cmake_progress_report /home/dalong/Workspace/voronoi-3d/CMakeFiles/CMakeTmp/CMakeFiles 1
Building C object CMakeFiles/cmTryCompileExec523051410.dir/CheckFunctionExists.c.o
/usr/bin/cc   -DCHECK_FUNCTION_EXISTS=connect   -o CMakeFiles/cmTryCompileExec523051410.dir/CheckFunctionExists.c.o   -c /usr/share/cmake-2.8/Modules/CheckFunctionExists.c
Linking C executable cmTryCompileExec523051410
/usr/bin/cmake -E cmake_link_script CMakeFiles/cmTryCompileExec523051410.dir/link.txt --verbose=1
/usr/bin/cc   -DCHECK_FUNCTION_EXISTS=connect    CMakeFiles/cmTryCompileExec523051410.dir/CheckFunctionExists.c.o  -o cmTryCompileExec523051410 -rdynamic 
make[1]: Leaving directory `/home/dalong/Workspace/voronoi-3d/CMakeFiles/CMakeTmp'


Determining if the function remove exists passed with the following output:
Change Dir: /home/dalong/Workspace/voronoi-3d/CMakeFiles/CMakeTmp

Run Build Command:/usr/bin/make "cmTryCompileExec825228691/fast"
/usr/bin/make -f CMakeFiles/cmTryCompileExec825228691.dir/build.make CMakeFiles/cmTryCompileExec825228691.dir/build
make[1]: Entering directory `/home/dalong/Workspace/voronoi-3d/CMakeFiles/CMakeTmp'
/usr/bin/cmake -E cmake_progress_report /home/dalong/Workspace/voronoi-3d/CMakeFiles/CMakeTmp/CMakeFiles 1
Building C object CMakeFiles/cmTryCompileExec825228691.dir/CheckFunctionExists.c.o
/usr/bin/cc   -DCHECK_FUNCTION_EXISTS=remove   -o CMakeFiles/cmTryCompileExec825228691.dir/CheckFunctionExists.c.o   -c /usr/share/cmake-2.8/Modules/CheckFunctionExists.c
Linking C executable cmTryCompileExec825228691
/usr/bin/cmake -E cmake_link_script CMakeFiles/cmTryCompileExec825228691.dir/link.txt --verbose=1
/usr/bin/cc   -DCHECK_FUNCTION_EXISTS=remove    CMakeFiles/cmTryCompileExec825228691.dir/CheckFunctionExists.c.o  -o cmTryCompileExec825228691 -rdynamic 
make[1]: Leaving directory `/home/dalong/Workspace/voronoi-3d/CMakeFiles/CMakeTmp'


Determining if the function shmat exists passed with the following output:
Change Dir: /home/dalong/Workspace/voronoi-3d/CMakeFiles/CMakeTmp

Run Build Command:/usr/bin/make "cmTryCompileExec2979522754/fast"
/usr/bin/make -f CMakeFiles/cmTryCompileExec2979522754.dir/build.make CMakeFiles/cmTryCompileExec2979522754.dir/build
make[1]: Entering directory `/home/dalong/Workspace/voronoi-3d/CMakeFiles/CMakeTmp'
/usr/bin/cmake -E cmake_progress_report /home/dalong/Workspace/voronoi-3d/CMakeFiles/CMakeTmp/CMakeFiles 1
Building C object CMakeFiles/cmTryCompileExec2979522754.dir/CheckFunctionExists.c.o
/usr/bin/cc   -DCHECK_FUNCTION_EXISTS=shmat   -o CMakeFiles/cmTryCompileExec2979522754.dir/CheckFunctionExists.c.o   -c /usr/share/cmake-2.8/Modules/CheckFunctionExists.c
Linking C executable cmTryCompileExec2979522754
/usr/bin/cmake -E cmake_link_script CMakeFiles/cmTryCompileExec2979522754.dir/link.txt --verbose=1
/usr/bin/cc   -DCHECK_FUNCTION_EXISTS=shmat    CMakeFiles/cmTryCompileExec2979522754.dir/CheckFunctionExists.c.o  -o cmTryCompileExec2979522754 -rdynamic 
make[1]: Leaving directory `/home/dalong/Workspace/voronoi-3d/CMakeFiles/CMakeTmp'


Determining if the function IceConnectionNumber exists in the ICE passed with the following output:
Change Dir: /home/dalong/Workspace/voronoi-3d/CMakeFiles/CMakeTmp

Run Build Command:/usr/bin/make "cmTryCompileExec2573447966/fast"
/usr/bin/make -f CMakeFiles/cmTryCompileExec2573447966.dir/build.make CMakeFiles/cmTryCompileExec2573447966.dir/build
make[1]: Entering directory `/home/dalong/Workspace/voronoi-3d/CMakeFiles/CMakeTmp'
/usr/bin/cmake -E cmake_progress_report /home/dalong/Workspace/voronoi-3d/CMakeFiles/CMakeTmp/CMakeFiles 1
Building C object CMakeFiles/cmTryCompileExec2573447966.dir/CheckFunctionExists.c.o
/usr/bin/cc   -DCHECK_FUNCTION_EXISTS=IceConnectionNumber   -o CMakeFiles/cmTryCompileExec2573447966.dir/CheckFunctionExists.c.o   -c /usr/share/cmake-2.8/Modules/CheckFunctionExists.c
Linking C executable cmTryCompileExec2573447966
/usr/bin/cmake -E cmake_link_script CMakeFiles/cmTryCompileExec2573447966.dir/link.txt --verbose=1
/usr/bin/cc   -DCHECK_FUNCTION_EXISTS=IceConnectionNumber    CMakeFiles/cmTryCompileExec2573447966.dir/CheckFunctionExists.c.o  -o cmTryCompileExec2573447966 -rdynamic -lICE 
make[1]: Leaving directory `/home/dalong/Workspace/voronoi-3d/CMakeFiles/CMakeTmp'


Determining if the function XOpenDisplay exists in the /usr/lib/x86_64-linux-gnu/libX11.so;/usr/lib/x86_64-linux-gnu/libXext.so passed with the following output:
Change Dir: /home/dalong/Workspace/CG-Voronoi/My-voronoi-3d/CMakeFiles/CMakeTmp

Run Build Command:/usr/bin/make "cmTryCompileExec177088227/fast"
/usr/bin/make -f CMakeFiles/cmTryCompileExec177088227.dir/build.make CMakeFiles/cmTryCompileExec177088227.dir/build
make[1]: Entering directory `/home/dalong/Workspace/CG-Voronoi/My-voronoi-3d/CMakeFiles/CMakeTmp'
/usr/bin/cmake -E cmake_progress_report /home/dalong/Workspace/CG-Voronoi/My-voronoi-3d/CMakeFiles/CMakeTmp/CMakeFiles 1
Building C object CMakeFiles/cmTryCompileExec177088227.dir/CheckFunctionExists.c.o
/usr/bin/cc   -DCHECK_FUNCTION_EXISTS=XOpenDisplay   -o CMakeFiles/cmTryCompileExec177088227.dir/CheckFunctionExists.c.o   -c /usr/share/cmake-2.8/Modules/CheckFunctionExists.c
Linking C executable cmTryCompileExec177088227
/usr/bin/cmake -E cmake_link_script CMakeFiles/cmTryCompileExec177088227.dir/link.txt --verbose=1
/usr/bin/cc   -DCHECK_FUNCTION_EXISTS=XOpenDisplay    CMakeFiles/cmTryCompileExec177088227.dir/CheckFunctionExists.c.o  -o cmTryCompileExec177088227 -rdynamic -lX11 -lXext 
make[1]: Leaving directory `/home/dalong/Workspace/CG-Voronoi/My-voronoi-3d/CMakeFiles/CMakeTmp'


Determining if the function gethostbyname exists passed with the following output:
Change Dir: /home/dalong/Workspace/CG-Voronoi/My-voronoi-3d/CMakeFiles/CMakeTmp

Run Build Command:/usr/bin/make "cmTryCompileExec483840848/fast"
/usr/bin/make -f CMakeFiles/cmTryCompileExec483840848.dir/build.make CMakeFiles/cmTryCompileExec483840848.dir/build
make[1]: Entering directory `/home/dalong/Workspace/CG-Voronoi/My-voronoi-3d/CMakeFiles/CMakeTmp'
/usr/bin/cmake -E cmake_progress_report /home/dalong/Workspace/CG-Voronoi/My-voronoi-3d/CMakeFiles/CMakeTmp/CMakeFiles 1
Building C object CMakeFiles/cmTryCompileExec483840848.dir/CheckFunctionExists.c.o
/usr/bin/cc   -DCHECK_FUNCTION_EXISTS=gethostbyname   -o CMakeFiles/cmTryCompileExec483840848.dir/CheckFunctionExists.c.o   -c /usr/share/cmake-2.8/Modules/CheckFunctionExists.c
Linking C executable cmTryCompileExec483840848
/usr/bin/cmake -E cmake_link_script CMakeFiles/cmTryCompileExec483840848.dir/link.txt --verbose=1
/usr/bin/cc   -DCHECK_FUNCTION_EXISTS=gethostbyname    CMakeFiles/cmTryCompileExec483840848.dir/CheckFunctionExists.c.o  -o cmTryCompileExec483840848 -rdynamic 
make[1]: Leaving directory `/home/dalong/Workspace/CG-Voronoi/My-voronoi-3d/CMakeFiles/CMakeTmp'


Determining if the function connect exists passed with the following output:
Change Dir: /home/dalong/Workspace/CG-Voronoi/My-voronoi-3d/CMakeFiles/CMakeTmp

Run Build Command:/usr/bin/make "cmTryCompileExec623702172/fast"
/usr/bin/make -f CMakeFiles/cmTryCompileExec623702172.dir/build.make CMakeFiles/cmTryCompileExec623702172.dir/build
make[1]: Entering directory `/home/dalong/Workspace/CG-Voronoi/My-voronoi-3d/CMakeFiles/CMakeTmp'
/usr/bin/cmake -E cmake_progress_report /home/dalong/Workspace/CG-Voronoi/My-voronoi-3d/CMakeFiles/CMakeTmp/CMakeFiles 1
Building C object CMakeFiles/cmTryCompileExec623702172.dir/CheckFunctionExists.c.o
/usr/bin/cc   -DCHECK_FUNCTION_EXISTS=connect   -o CMakeFiles/cmTryCompileExec623702172.dir/CheckFunctionExists.c.o   -c /usr/share/cmake-2.8/Modules/CheckFunctionExists.c
Linking C executable cmTryCompileExec623702172
/usr/bin/cmake -E cmake_link_script CMakeFiles/cmTryCompileExec623702172.dir/link.txt --verbose=1
/usr/bin/cc   -DCHECK_FUNCTION_EXISTS=connect    CMakeFiles/cmTryCompileExec623702172.dir/CheckFunctionExists.c.o  -o cmTryCompileExec623702172 -rdynamic 
make[1]: Leaving directory `/home/dalong/Workspace/CG-Voronoi/My-voronoi-3d/CMakeFiles/CMakeTmp'


Determining if the function remove exists passed with the following output:
Change Dir: /home/dalong/Workspace/CG-Voronoi/My-voronoi-3d/CMakeFiles/CMakeTmp

Run Build Command:/usr/bin/make "cmTryCompileExec76009641/fast"
/usr/bin/make -f CMakeFiles/cmTryCompileExec76009641.dir/build.make CMakeFiles/cmTryCompileExec76009641.dir/build
make[1]: Entering directory `/home/dalong/Workspace/CG-Voronoi/My-voronoi-3d/CMakeFiles/CMakeTmp'
/usr/bin/cmake -E cmake_progress_report /home/dalong/Workspace/CG-Voronoi/My-voronoi-3d/CMakeFiles/CMakeTmp/CMakeFiles 1
Building C object CMakeFiles/cmTryCompileExec76009641.dir/CheckFunctionExists.c.o
/usr/bin/cc   -DCHECK_FUNCTION_EXISTS=remove   -o CMakeFiles/cmTryCompileExec76009641.dir/CheckFunctionExists.c.o   -c /usr/share/cmake-2.8/Modules/CheckFunctionExists.c
Linking C executable cmTryCompileExec76009641
/usr/bin/cmake -E cmake_link_script CMakeFiles/cmTryCompileExec76009641.dir/link.txt --verbose=1
/usr/bin/cc   -DCHECK_FUNCTION_EXISTS=remove    CMakeFiles/cmTryCompileExec76009641.dir/CheckFunctionExists.c.o  -o cmTryCompileExec76009641 -rdynamic 
make[1]: Leaving directory `/home/dalong/Workspace/CG-Voronoi/My-voronoi-3d/CMakeFiles/CMakeTmp'


Determining if the function shmat exists passed with the following output:
Change Dir: /home/dalong/Workspace/CG-Voronoi/My-voronoi-3d/CMakeFiles/CMakeTmp

Run Build Command:/usr/bin/make "cmTryCompileExec102717680/fast"
/usr/bin/make -f CMakeFiles/cmTryCompileExec102717680.dir/build.make CMakeFiles/cmTryCompileExec102717680.dir/build
make[1]: Entering directory `/home/dalong/Workspace/CG-Voronoi/My-voronoi-3d/CMakeFiles/CMakeTmp'
/usr/bin/cmake -E cmake_progress_report /home/dalong/Workspace/CG-Voronoi/My-voronoi-3d/CMakeFiles/CMakeTmp/CMakeFiles 1
Building C object CMakeFiles/cmTryCompileExec102717680.dir/CheckFunctionExists.c.o
/usr/bin/cc   -DCHECK_FUNCTION_EXISTS=shmat   -o CMakeFiles/cmTryCompileExec102717680.dir/CheckFunctionExists.c.o   -c /usr/share/cmake-2.8/Modules/CheckFunctionExists.c
Linking C executable cmTryCompileExec102717680
/usr/bin/cmake -E cmake_link_script CMakeFiles/cmTryCompileExec102717680.dir/link.txt --verbose=1
/usr/bin/cc   -DCHECK_FUNCTION_EXISTS=shmat    CMakeFiles/cmTryCompileExec102717680.dir/CheckFunctionExists.c.o  -o cmTryCompileExec102717680 -rdynamic 
make[1]: Leaving directory `/home/dalong/Workspace/CG-Voronoi/My-voronoi-3d/CMakeFiles/CMakeTmp'


Determining if the function IceConnectionNumber exists in the ICE passed with the following output:
Change Dir: /home/dalong/Workspace/CG-Voronoi/My-voronoi-3d/CMakeFiles/CMakeTmp

Run Build Command:/usr/bin/make "cmTryCompileExec249199602/fast"
/usr/bin/make -f CMakeFiles/cmTryCompileExec249199602.dir/build.make CMakeFiles/cmTryCompileExec249199602.dir/build
make[1]: Entering directory `/home/dalong/Workspace/CG-Voronoi/My-voronoi-3d/CMakeFiles/CMakeTmp'
/usr/bin/cmake -E cmake_progress_report /home/dalong/Workspace/CG-Voronoi/My-voronoi-3d/CMakeFiles/CMakeTmp/CMakeFiles 1
Building C object CMakeFiles/cmTryCompileExec249199602.dir/CheckFunctionExists.c.o
/usr/bin/cc   -DCHECK_FUNCTION_EXISTS=IceConnectionNumber   -o CMakeFiles/cmTryCompileExec249199602.dir/CheckFunctionExists.c.o   -c /usr/share/cmake-2.8/Modules/CheckFunctionExists.c
Linking C executable cmTryCompileExec249199602
/usr/bin/cmake -E cmake_link_script CMakeFiles/cmTryCompileExec249199602.dir/link.txt --verbose=1
/usr/bin/cc   -DCHECK_FUNCTION_EXISTS=IceConnectionNumber    CMakeFiles/cmTryCompileExec249199602.dir/CheckFunctionExists.c.o  -o cmTryCompileExec249199602 -rdynamic -lICE 
make[1]: Leaving directory `/home/dalong/Workspace/CG-Voronoi/My-voronoi-3d/CMakeFiles/CMakeTmp'


